<?xml version="1.0" encoding="UTF-8"?>
<testng-results skipped="0" failed="0" ignored="0" total="2" passed="2">
  <reporter-output>
  </reporter-output>
  <suite name="Default suite" duration-ms="9584" started-at="2023-06-14T01:54:36 IST" finished-at="2023-06-14T01:54:45 IST">
    <groups>
    </groups>
    <test name="Default test" duration-ms="9584" started-at="2023-06-14T01:54:36 IST" finished-at="2023-06-14T01:54:45 IST">
      <class name="Day2.JsonSchemaValidation">
        <test-method status="PASS" signature="parseJsonDataUsingJsonObject()[pri:0, instance:Day2.JsonSchemaValidation@556333]" name="parseJsonDataUsingJsonObject" duration-ms="6257" started-at="2023-06-14T01:54:36 IST" finished-at="2023-06-14T01:54:42 IST">
          <reporter-output>
          </reporter-output>
        </test-method> <!-- parseJsonDataUsingJsonObject -->
        <test-method status="PASS" signature="validateJsonSchema()[pri:0, instance:Day2.JsonSchemaValidation@556333]" name="validateJsonSchema" duration-ms="3121" started-at="2023-06-14T01:54:42 IST" finished-at="2023-06-14T01:54:45 IST">
          <reporter-output>
          </reporter-output>
        </test-method> <!-- validateJsonSchema -->
      </class> <!-- Day2.JsonSchemaValidation -->
    </test> <!-- Default test -->
  </suite> <!-- Default suite -->
</testng-results>
